Build started 30/10/2014 16:47:31.
     1>Project "C:\Users\André\Desktop\LAIG\Projetc_1\CGFexample\CGFexample.vcxproj" on node 2 (build target(s)).
     1>InitializeBuildStatus:
         Touching "..\buildtemp\CGFexample\CGFexample.unsuccessfulbuild".
       ClCompile:
         c:\Program Files (x86)\Microsoft Visual Studio 10.0\VC\bin\CL.exe /c /ZI /nologo /W3 /WX- /Od /Oy- /D _MBCS /Gm /EHsc /RTC1 /MDd /GS /fp:precise /Zc:wchar_t /Zc:forScope /Fo"..\buildtemp\CGFexample\\" /Fd"..\buildtemp\CGFexample\vc100.pdb" /Gd /TP /analyze- /errorReport:prompt src\Scene.cpp
         Scene.cpp
     1>c:\users\andré\desktop\laig\projetc_1\cgfexample\src\scene.cpp(112): warning C4258: 'i' : definition from the for loop is ignored; the definition from the enclosing scope is used
                 c:\users\andré\desktop\laig\projetc_1\cgfexample\src\scene.cpp(109) : definition of 'i' ignored
                 c:\users\andré\desktop\laig\projetc_1\cgfexample\src\scene.cpp(93) : definition of 'i' used
     1>c:\users\andré\desktop\laig\projetc_1\cgfexample\src\scene.cpp(113): warning C4258: 'i' : definition from the for loop is ignored; the definition from the enclosing scope is used
                 c:\users\andré\desktop\laig\projetc_1\cgfexample\src\scene.cpp(109) : definition of 'i' ignored
                 c:\users\andré\desktop\laig\projetc_1\cgfexample\src\scene.cpp(93) : definition of 'i' used
     1>c:\users\andré\desktop\laig\projetc_1\cgfexample\src\scene.cpp(114): warning C4258: 'i' : definition from the for loop is ignored; the definition from the enclosing scope is used
                 c:\users\andré\desktop\laig\projetc_1\cgfexample\src\scene.cpp(109) : definition of 'i' ignored
                 c:\users\andré\desktop\laig\projetc_1\cgfexample\src\scene.cpp(93) : definition of 'i' used
     1>c:\users\andré\desktop\laig\projetc_1\cgfexample\src\scene.cpp(115): warning C4258: 'i' : definition from the for loop is ignored; the definition from the enclosing scope is used
                 c:\users\andré\desktop\laig\projetc_1\cgfexample\src\scene.cpp(109) : definition of 'i' ignored
                 c:\users\andré\desktop\laig\projetc_1\cgfexample\src\scene.cpp(93) : definition of 'i' used
       Link:
         c:\Program Files (x86)\Microsoft Visual Studio 10.0\VC\bin\link.exe /ERRORREPORT:PROMPT /OUT:"bin\CGFexample.exe" /NOLOGO glew32.lib CGFlib.lib kernel32.lib user32.lib gdi32.lib winspool.lib comdlg32.lib advapi32.lib shell32.lib ole32.lib oleaut32.lib uuid.lib odbc32.lib odbccp32.lib tinyxml.lib /NODEFAULTLIB:libcmt.lib /MANIFEST /ManifestFile:"..\buildtemp\CGFexample\CGFexample.exe.intermediate.manifest" /MANIFESTUAC:"level='asInvoker' uiAccess='false'" /DEBUG /PDB:"C:\Users\André\Desktop\LAIG\Projetc_1\CGFexample\bin\CGFexample.pdb" /TLBID:1 /DYNAMICBASE /NXCOMPAT /IMPLIB:"bin\CGFexample.lib" /MACHINE:X86 ..\buildtemp\CGFexample\ANFScene.obj
         ..\buildtemp\CGFexample\Appearance.obj
         ..\buildtemp\CGFexample\Camera.obj
         ..\buildtemp\CGFexample\Graph.obj
         ..\buildtemp\CGFexample\GUI.obj
         ..\buildtemp\CGFexample\Scene.obj
         ..\buildtemp\CGFexample\Light.obj
         ..\buildtemp\CGFexample\main.obj
         ..\buildtemp\CGFexample\Node.obj
         ..\buildtemp\CGFexample\Primitive.obj
         ..\buildtemp\CGFexample\Texture.obj
         LINK : bin\CGFexample.exe not found or not built by the last incremental link; performing full link
     1>CGFlib.lib(CGFappearance.obj) : warning LNK4099: PDB 'vc100.pdb' was not found with 'CGFlib.lib(CGFappearance.obj)' or at 'C:\Users\André\Desktop\LAIG\Projetc_1\CGFexample\bin\vc100.pdb'; linking object as if no debug info
     1>CGFlib.lib(CGFapplication.obj) : warning LNK4099: PDB 'vc100.pdb' was not found with 'CGFlib.lib(CGFapplication.obj)' or at 'C:\Users\André\Desktop\LAIG\Projetc_1\CGFexample\bin\vc100.pdb'; linking object as if no debug info
     1>CGFlib.lib(CGFaxis.obj) : warning LNK4099: PDB 'vc100.pdb' was not found with 'CGFlib.lib(CGFaxis.obj)' or at 'C:\Users\André\Desktop\LAIG\Projetc_1\CGFexample\bin\vc100.pdb'; linking object as if no debug info
     1>CGFlib.lib(CGFcamera.obj) : warning LNK4099: PDB 'vc100.pdb' was not found with 'CGFlib.lib(CGFcamera.obj)' or at 'C:\Users\André\Desktop\LAIG\Projetc_1\CGFexample\bin\vc100.pdb'; linking object as if no debug info
     1>CGFlib.lib(CGFinterface.obj) : warning LNK4099: PDB 'vc100.pdb' was not found with 'CGFlib.lib(CGFinterface.obj)' or at 'C:\Users\André\Desktop\LAIG\Projetc_1\CGFexample\bin\vc100.pdb'; linking object as if no debug info
     1>CGFlib.lib(CGFlight.obj) : warning LNK4099: PDB 'vc100.pdb' was not found with 'CGFlib.lib(CGFlight.obj)' or at 'C:\Users\André\Desktop\LAIG\Projetc_1\CGFexample\bin\vc100.pdb'; linking object as if no debug info
     1>CGFlib.lib(CGFobject.obj) : warning LNK4099: PDB 'vc100.pdb' was not found with 'CGFlib.lib(CGFobject.obj)' or at 'C:\Users\André\Desktop\LAIG\Projetc_1\CGFexample\bin\vc100.pdb'; linking object as if no debug info
     1>CGFlib.lib(CGFscene.obj) : warning LNK4099: PDB 'vc100.pdb' was not found with 'CGFlib.lib(CGFscene.obj)' or at 'C:\Users\André\Desktop\LAIG\Projetc_1\CGFexample\bin\vc100.pdb'; linking object as if no debug info
     1>CGFlib.lib(CGFtexture.obj) : warning LNK4099: PDB 'vc100.pdb' was not found with 'CGFlib.lib(CGFtexture.obj)' or at 'C:\Users\André\Desktop\LAIG\Projetc_1\CGFexample\bin\vc100.pdb'; linking object as if no debug info
     1>CGFlib.lib(imagetools.obj) : warning LNK4099: PDB 'vc100.pdb' was not found with 'CGFlib.lib(imagetools.obj)' or at 'C:\Users\André\Desktop\LAIG\Projetc_1\CGFexample\bin\vc100.pdb'; linking object as if no debug info
     1>CGFlib.lib(stb_image.obj) : warning LNK4099: PDB 'vc100.pdb' was not found with 'CGFlib.lib(stb_image.obj)' or at 'C:\Users\André\Desktop\LAIG\Projetc_1\CGFexample\bin\vc100.pdb'; linking object as if no debug info
     1>tinyxml.lib(tinystr.obj) : warning LNK4099: PDB 'vc100.pdb' was not found with 'tinyxml.lib(tinystr.obj)' or at 'C:\Users\André\Desktop\LAIG\Projetc_1\CGFexample\bin\vc100.pdb'; linking object as if no debug info
     1>tinyxml.lib(tinyxml.obj) : warning LNK4099: PDB 'vc100.pdb' was not found with 'tinyxml.lib(tinyxml.obj)' or at 'C:\Users\André\Desktop\LAIG\Projetc_1\CGFexample\bin\vc100.pdb'; linking object as if no debug info
     1>tinyxml.lib(tinyxmlerror.obj) : warning LNK4099: PDB 'vc100.pdb' was not found with 'tinyxml.lib(tinyxmlerror.obj)' or at 'C:\Users\André\Desktop\LAIG\Projetc_1\CGFexample\bin\vc100.pdb'; linking object as if no debug info
     1>tinyxml.lib(tinyxmlparser.obj) : warning LNK4099: PDB 'vc100.pdb' was not found with 'tinyxml.lib(tinyxmlparser.obj)' or at 'C:\Users\André\Desktop\LAIG\Projetc_1\CGFexample\bin\vc100.pdb'; linking object as if no debug info
         CGFexample.vcxproj -> C:\Users\André\Desktop\LAIG\Projetc_1\CGFexample\bin\CGFexample.exe
       Manifest:
         C:\Program Files (x86)\Microsoft SDKs\Windows\v7.0A\bin\mt.exe /nologo /verbose /outputresource:"bin\CGFexample.exe;#1" /manifest ..\buildtemp\CGFexample\CGFexample.exe.intermediate.manifest
       FinalizeBuildStatus:
         Deleting file "..\buildtemp\CGFexample\CGFexample.unsuccessfulbuild".
         Touching "..\buildtemp\CGFexample\CGFexample.lastbuildstate".
     1>Done Building Project "C:\Users\André\Desktop\LAIG\Projetc_1\CGFexample\CGFexample.vcxproj" (build target(s)).

Build succeeded.

Time Elapsed 00:00:07.45
