\\192.168.50.233\REDIRECTION\EI12105\MY DOCUMENTS\LAIG-MASTER\LAIG-MASTER\LAIG\PROJETC_3\BUILDTEMP\CGFEXAMPLE\ANFSCENE.OBJ
\\192.168.50.233\REDIRECTION\EI12105\MY DOCUMENTS\LAIG-MASTER\LAIG-MASTER\LAIG\PROJETC_3\BUILDTEMP\CGFEXAMPLE\ANIMATION.OBJ
\\192.168.50.233\REDIRECTION\EI12105\MY DOCUMENTS\LAIG-MASTER\LAIG-MASTER\LAIG\PROJETC_3\BUILDTEMP\CGFEXAMPLE\APPEARANCE.OBJ
\\192.168.50.233\REDIRECTION\EI12105\MY DOCUMENTS\LAIG-MASTER\LAIG-MASTER\LAIG\PROJETC_3\BUILDTEMP\CGFEXAMPLE\CAMERA.OBJ
\\192.168.50.233\REDIRECTION\EI12105\MY DOCUMENTS\LAIG-MASTER\LAIG-MASTER\LAIG\PROJETC_3\BUILDTEMP\CGFEXAMPLE\GRAPH.OBJ
\\192.168.50.233\REDIRECTION\EI12105\MY DOCUMENTS\LAIG-MASTER\LAIG-MASTER\LAIG\PROJETC_3\BUILDTEMP\CGFEXAMPLE\GUI.OBJ
\\192.168.50.233\REDIRECTION\EI12105\MY DOCUMENTS\LAIG-MASTER\LAIG-MASTER\LAIG\PROJETC_3\BUILDTEMP\CGFEXAMPLE\LIGHT.OBJ
\\192.168.50.233\REDIRECTION\EI12105\MY DOCUMENTS\LAIG-MASTER\LAIG-MASTER\LAIG\PROJETC_3\BUILDTEMP\CGFEXAMPLE\MAIN.OBJ
\\192.168.50.233\REDIRECTION\EI12105\MY DOCUMENTS\LAIG-MASTER\LAIG-MASTER\LAIG\PROJETC_3\BUILDTEMP\CGFEXAMPLE\NODE.OBJ
\\192.168.50.233\REDIRECTION\EI12105\MY DOCUMENTS\LAIG-MASTER\LAIG-MASTER\LAIG\PROJETC_3\BUILDTEMP\CGFEXAMPLE\PRIMITIVE.OBJ
\\192.168.50.233\REDIRECTION\EI12105\MY DOCUMENTS\LAIG-MASTER\LAIG-MASTER\LAIG\PROJETC_3\BUILDTEMP\CGFEXAMPLE\SCENE.OBJ
\\192.168.50.233\REDIRECTION\EI12105\MY DOCUMENTS\LAIG-MASTER\LAIG-MASTER\LAIG\PROJETC_3\BUILDTEMP\CGFEXAMPLE\TEXTURE.OBJ
\\192.168.50.233\REDIRECTION\EI12105\MY DOCUMENTS\LAIG-MASTER\LAIG-MASTER\LAIG\PROJETC_3\BUILDTEMP\CGFEXAMPLE\VC100.PDB
bin\CGFexample.ilk
bin\CGFexample.pdb
C:\USERS\ANDRé\DESKTOP\LAIG\PROJETC_1\BUILDTEMP\CGFEXAMPLE\ANFSCENE.OBJ
C:\USERS\ANDRé\DESKTOP\LAIG\PROJETC_1\BUILDTEMP\CGFEXAMPLE\APPEARANCE.OBJ
C:\USERS\ANDRé\DESKTOP\LAIG\PROJETC_1\BUILDTEMP\CGFEXAMPLE\CAMERA.OBJ
C:\USERS\ANDRé\DESKTOP\LAIG\PROJETC_1\BUILDTEMP\CGFEXAMPLE\GRAPH.OBJ
C:\USERS\ANDRé\DESKTOP\LAIG\PROJETC_1\BUILDTEMP\CGFEXAMPLE\GUI.OBJ
C:\USERS\ANDRé\DESKTOP\LAIG\PROJETC_1\BUILDTEMP\CGFEXAMPLE\LIGHT.OBJ
C:\USERS\ANDRé\DESKTOP\LAIG\PROJETC_1\BUILDTEMP\CGFEXAMPLE\MAIN.OBJ
C:\USERS\ANDRé\DESKTOP\LAIG\PROJETC_1\BUILDTEMP\CGFEXAMPLE\NODE.OBJ
C:\USERS\ANDRé\DESKTOP\LAIG\PROJETC_1\BUILDTEMP\CGFEXAMPLE\PRIMITIVE.OBJ
C:\USERS\ANDRé\DESKTOP\LAIG\PROJETC_1\BUILDTEMP\CGFEXAMPLE\SCENE.OBJ
C:\USERS\ANDRé\DESKTOP\LAIG\PROJETC_1\BUILDTEMP\CGFEXAMPLE\TEXTURE.OBJ
C:\USERS\ANDRÉ\DESKTOP\LAIG\PROJETC_1\BUILDTEMP\CGFEXAMPLE\VC100.PDB
C:\USERS\ANDRé\DESKTOP\LAIG\PROJETC_1\CGFEXAMPLE\BIN\CGFEXAMPLE.EXE
C:\USERS\ANDRé\DOCUMENTS\FEUP\LAIG - PROJETC_3\BUILDTEMP\CGFEXAMPLE\ANFSCENE.OBJ
C:\USERS\ANDRé\DOCUMENTS\FEUP\LAIG - PROJETC_3\BUILDTEMP\CGFEXAMPLE\ANIMATION.OBJ
C:\USERS\ANDRé\DOCUMENTS\FEUP\LAIG - PROJETC_3\BUILDTEMP\CGFEXAMPLE\APPEARANCE.OBJ
C:\USERS\ANDRé\DOCUMENTS\FEUP\LAIG - PROJETC_3\BUILDTEMP\CGFEXAMPLE\CAMERA.OBJ
C:\USERS\ANDRé\DOCUMENTS\FEUP\LAIG - PROJETC_3\BUILDTEMP\CGFEXAMPLE\CGFEXAMPLE.EXE.INTERMEDIATE.MANIFEST
C:\USERS\ANDRé\DOCUMENTS\FEUP\LAIG - PROJETC_3\BUILDTEMP\CGFEXAMPLE\GRAPH.OBJ
C:\USERS\ANDRé\DOCUMENTS\FEUP\LAIG - PROJETC_3\BUILDTEMP\CGFEXAMPLE\GUI.OBJ
C:\USERS\ANDRé\DOCUMENTS\FEUP\LAIG - PROJETC_3\BUILDTEMP\CGFEXAMPLE\LIGHT.OBJ
C:\USERS\ANDRé\DOCUMENTS\FEUP\LAIG - PROJETC_3\BUILDTEMP\CGFEXAMPLE\MAIN.OBJ
C:\USERS\ANDRé\DOCUMENTS\FEUP\LAIG - PROJETC_3\BUILDTEMP\CGFEXAMPLE\NODE.OBJ
C:\USERS\ANDRé\DOCUMENTS\FEUP\LAIG - PROJETC_3\BUILDTEMP\CGFEXAMPLE\PRIMITIVE.OBJ
C:\USERS\ANDRé\DOCUMENTS\FEUP\LAIG - PROJETC_3\BUILDTEMP\CGFEXAMPLE\SCENE.OBJ
C:\USERS\ANDRé\DOCUMENTS\FEUP\LAIG - PROJETC_3\BUILDTEMP\CGFEXAMPLE\TEXTURE.OBJ
C:\USERS\ANDRÉ\DOCUMENTS\FEUP\LAIG - PROJETC_3\BUILDTEMP\CGFEXAMPLE\VC100.PDB
C:\USERS\ANDRé\DOCUMENTS\FEUP\LAIG - PROJETC_3\CGFEXAMPLE\BIN\CGFEXAMPLE.EXE
C:\USERS\ANDRé\DOCUMENTS\FEUP\LAIG - PROJETC_3\CGFEXAMPLE\BIN\CGFEXAMPLE.ILK
C:\USERS\ANDRÉ\DOCUMENTS\FEUP\LAIG - PROJETC_3\CGFEXAMPLE\BIN\CGFEXAMPLE.PDB
C:\USERS\ANDRé\DOCUMENTS\GITHUB\LAIG\LAIG\PROJETC_3\BUILDTEMP\CGFEXAMPLE\ANFSCENE.OBJ
C:\USERS\ANDRé\DOCUMENTS\GITHUB\LAIG\LAIG\PROJETC_3\BUILDTEMP\CGFEXAMPLE\ANIMATION.OBJ
C:\USERS\ANDRé\DOCUMENTS\GITHUB\LAIG\LAIG\PROJETC_3\BUILDTEMP\CGFEXAMPLE\APPEARANCE.OBJ
C:\USERS\ANDRé\DOCUMENTS\GITHUB\LAIG\LAIG\PROJETC_3\BUILDTEMP\CGFEXAMPLE\CAMERA.OBJ
C:\USERS\ANDRé\DOCUMENTS\GITHUB\LAIG\LAIG\PROJETC_3\BUILDTEMP\CGFEXAMPLE\CGFEXAMPLE.EXE.INTERMEDIATE.MANIFEST
C:\Users\André\Documents\GitHub\LAIG\LAIG\Projetc_3\buildtemp\CGFexample\CGFexample.vcxprojResolveAssemblyReference.cache
C:\Users\André\Documents\GitHub\LAIG\LAIG\Projetc_3\buildtemp\CGFexample\CGFexample.write.1.tlog
C:\Users\André\Documents\GitHub\LAIG\LAIG\Projetc_3\buildtemp\CGFexample\cl.command.1.tlog
C:\Users\André\Documents\GitHub\LAIG\LAIG\Projetc_3\buildtemp\CGFexample\CL.read.1.tlog
C:\Users\André\Documents\GitHub\LAIG\LAIG\Projetc_3\buildtemp\CGFexample\CL.write.1.tlog
C:\USERS\ANDRé\DOCUMENTS\GITHUB\LAIG\LAIG\PROJETC_3\BUILDTEMP\CGFEXAMPLE\GRAPH.OBJ
C:\USERS\ANDRé\DOCUMENTS\GITHUB\LAIG\LAIG\PROJETC_3\BUILDTEMP\CGFEXAMPLE\GUI.OBJ
C:\USERS\ANDRé\DOCUMENTS\GITHUB\LAIG\LAIG\PROJETC_3\BUILDTEMP\CGFEXAMPLE\LIGHT.OBJ
C:\Users\André\Documents\GitHub\LAIG\LAIG\Projetc_3\buildtemp\CGFexample\link.command.1.tlog
C:\Users\André\Documents\GitHub\LAIG\LAIG\Projetc_3\buildtemp\CGFexample\link.read.1.tlog
C:\Users\André\Documents\GitHub\LAIG\LAIG\Projetc_3\buildtemp\CGFexample\link.read.2.tlog
C:\Users\André\Documents\GitHub\LAIG\LAIG\Projetc_3\buildtemp\CGFexample\link.write.1.tlog
C:\USERS\ANDRé\DOCUMENTS\GITHUB\LAIG\LAIG\PROJETC_3\BUILDTEMP\CGFEXAMPLE\MAIN.OBJ
C:\Users\André\Documents\GitHub\LAIG\LAIG\Projetc_3\buildtemp\CGFexample\mt.command.1.tlog
C:\Users\André\Documents\GitHub\LAIG\LAIG\Projetc_3\buildtemp\CGFexample\mt.read.1.tlog
C:\Users\André\Documents\GitHub\LAIG\LAIG\Projetc_3\buildtemp\CGFexample\mt.write.1.tlog
C:\USERS\ANDRé\DOCUMENTS\GITHUB\LAIG\LAIG\PROJETC_3\BUILDTEMP\CGFEXAMPLE\NODE.OBJ
C:\USERS\ANDRé\DOCUMENTS\GITHUB\LAIG\LAIG\PROJETC_3\BUILDTEMP\CGFEXAMPLE\PRIMITIVE.OBJ
C:\USERS\ANDRé\DOCUMENTS\GITHUB\LAIG\LAIG\PROJETC_3\BUILDTEMP\CGFEXAMPLE\SCENE.OBJ
C:\USERS\ANDRé\DOCUMENTS\GITHUB\LAIG\LAIG\PROJETC_3\BUILDTEMP\CGFEXAMPLE\STATEOFGAME.OBJ
C:\USERS\ANDRé\DOCUMENTS\GITHUB\LAIG\LAIG\PROJETC_3\BUILDTEMP\CGFEXAMPLE\TEXTURE.OBJ
C:\Users\André\Documents\GitHub\LAIG\LAIG\Projetc_3\buildtemp\CGFexample\vc100.idb
C:\USERS\ANDRÉ\DOCUMENTS\GITHUB\LAIG\LAIG\PROJETC_3\BUILDTEMP\CGFEXAMPLE\VC100.PDB
C:\USERS\ANDRé\DOCUMENTS\GITHUB\LAIG\LAIG\PROJETC_3\CGFEXAMPLE\BIN\CGFEXAMPLE.EXE
C:\USERS\ANDRé\DOCUMENTS\GITHUB\LAIG\LAIG\PROJETC_3\CGFEXAMPLE\BIN\CGFEXAMPLE.ILK
C:\USERS\ANDRÉ\DOCUMENTS\GITHUB\LAIG\LAIG\PROJETC_3\CGFEXAMPLE\BIN\CGFEXAMPLE.PDB
